[0.012s] Invoking command in '/home/lhc/fishros-/p3/topic_practice_ws/build/status_interfaces': CMAKE_PREFIX_PATH=${CMAKE_PREFIX_PATH}:/home/lhc/fishros-/p3/topic_practice_ws/install/status_publisher:/opt/ros/foxy /usr/bin/cmake --build /home/lhc/fishros-/p3/topic_practice_ws/build/status_interfaces -- -j12 -l12
[0.047s] -- Found ament_cmake: 0.9.12 (/opt/ros/foxy/share/ament_cmake/cmake)
[0.067s] -- Found PythonInterp: /usr/bin/python3 (found suitable version "3.8.10", minimum required is "3") 
[0.067s] -- Using PYTHON_EXECUTABLE: /usr/bin/python3
[0.204s] -- Found builtin_interfaces: 1.0.0 (/opt/ros/foxy/share/builtin_interfaces/cmake)
[0.220s] -- Using all available rosidl_typesupport_c: rosidl_typesupport_fastrtps_c;rosidl_typesupport_introspection_c
[0.222s] -- Found rosidl_adapter: 1.3.1 (/opt/ros/foxy/share/rosidl_adapter/cmake)
[0.331s] -- Using all available rosidl_typesupport_cpp: rosidl_typesupport_fastrtps_cpp;rosidl_typesupport_introspection_cpp
[0.352s] -- Found rosidl_default_generators: 1.0.1 (/opt/ros/foxy/share/rosidl_default_generators/cmake)
[0.377s] -- Found PythonInterp: /usr/bin/python3 (found version "3.8.10") 
[0.516s] CMake Error at /opt/ros/foxy/share/rosidl_adapter/cmake/rosidl_adapt_interfaces.cmake:60 (message):
[0.516s]   execute_process(/usr/bin/python3 -m rosidl_adapter --package-name
[0.516s]   status_interfaces --arguments-file
[0.516s]   /home/lhc/fishros-/p3/topic_practice_ws/build/status_interfaces/rosidl_adapter__arguments__status_interfaces.json
[0.516s]   --output-dir
[0.516s]   /home/lhc/fishros-/p3/topic_practice_ws/build/status_interfaces/rosidl_adapter/status_interfaces
[0.516s]   --output-file
[0.517s]   /home/lhc/fishros-/p3/topic_practice_ws/build/status_interfaces/rosidl_adapter/status_interfaces.idls)
[0.517s]   returned error code 1:
[0.517s] 
[0.517s]   Error processing 'uint memory_total' of 'status_interfaces/SystemStatus':
[0.517s]   ''uint' is an invalid message name.  It should have the pattern
[0.517s]   '^[A-Z][A-Za-z0-9]*$''
[0.517s] 
[0.517s]   Traceback (most recent call last):
[0.517s] 
[0.517s]     File "/usr/lib/python3.8/runpy.py", line 194, in _run_module_as_main
[0.517s]       return _run_code(code, main_globals, None,
[0.517s]     File "/usr/lib/python3.8/runpy.py", line 87, in _run_code
[0.517s]       exec(code, run_globals)
[0.518s]     File "/opt/ros/foxy/lib/python3.8/site-packages/rosidl_adapter/__main__.py", line 19, in <module>
[0.518s]       sys.exit(main())
[0.518s]     File "/opt/ros/foxy/lib/python3.8/site-packages/rosidl_adapter/main.py", line 53, in main
[0.518s]       abs_idl_file = convert_to_idl(
[0.518s]     File "/opt/ros/foxy/lib/python3.8/site-packages/rosidl_adapter/__init__.py", line 19, in convert_to_idl
[0.518s]       return convert_msg_to_idl(
[0.518s]     File "/opt/ros/foxy/lib/python3.8/site-packages/rosidl_adapter/msg/__init__.py", line 28, in convert_msg_to_idl
[0.518s]       msg = parse_message_string(package_name, input_file.stem, content)
[0.518s]     File "/opt/ros/foxy/lib/python3.8/site-packages/rosidl_adapter/parser.py", line 516, in parse_message_string
[0.518s]       Type(type_string, context_package_name=pkg_name),
[0.518s]     File "/opt/ros/foxy/lib/python3.8/site-packages/rosidl_adapter/parser.py", line 276, in __init__
[0.519s]       super(Type, self).__init__(
[0.519s]     File "/opt/ros/foxy/lib/python3.8/site-packages/rosidl_adapter/parser.py", line 204, in __init__
[0.519s]       raise InvalidResourceName(
[0.519s] 
[0.519s]   rosidl_adapter.parser.InvalidResourceName: 'uint' is an invalid message
[0.519s]   name.  It should have the pattern '^[A-Z][A-Za-z0-9]*$'
[0.519s] 
[0.519s] Call Stack (most recent call first):
[0.519s]   /opt/ros/foxy/share/rosidl_cmake/cmake/rosidl_generate_interfaces.cmake:130 (rosidl_adapt_interfaces)
[0.519s]   CMakeLists.txt:24 (rosidl_generate_interfaces)
[0.520s] 
[0.520s] 
[0.520s] -- Configuring incomplete, errors occurred!
[0.520s] See also "/home/lhc/fishros-/p3/topic_practice_ws/build/status_interfaces/CMakeFiles/CMakeOutput.log".
[0.529s] make: *** [Makefile:748：cmake_check_build_system] 错误 1
[0.531s] Invoked command in '/home/lhc/fishros-/p3/topic_practice_ws/build/status_interfaces' returned '2': CMAKE_PREFIX_PATH=${CMAKE_PREFIX_PATH}:/home/lhc/fishros-/p3/topic_practice_ws/install/status_publisher:/opt/ros/foxy /usr/bin/cmake --build /home/lhc/fishros-/p3/topic_practice_ws/build/status_interfaces -- -j12 -l12
