-- Found ament_cmake: 0.9.12 (/opt/ros/foxy/share/ament_cmake/cmake)
-- Using PYTHON_EXECUTABLE: /usr/bin/python3
-- Found rclcpp: 2.4.3 (/opt/ros/foxy/share/rclcpp/cmake)
-- Using all available rosidl_typesupport_c: rosidl_typesupport_fastrtps_c;rosidl_typesupport_introspection_c
-- Found rosidl_adapter: 1.3.1 (/opt/ros/foxy/share/rosidl_adapter/cmake)
-- Using all available rosidl_typesupport_cpp: rosidl_typesupport_fastrtps_cpp;rosidl_typesupport_introspection_cpp
-- Found rmw_implementation_cmake: 1.0.4 (/opt/ros/foxy/share/rmw_implementation_cmake/cmake)
-- Using RMW implementation 'rmw_fastrtps_cpp' as default
-- Found ament_lint_auto: 0.9.8 (/opt/ros/foxy/share/ament_lint_auto/cmake)
-- Added test 'cppcheck' to perform static code analysis on C / C++ code
-- Configured cppcheck include dirs: /home/lhc/fishros-/p2/p2_ws/src/demo_cpp_pkg/include
-- Configured cppcheck exclude dirs and/or files: 
-- Added test 'flake8' to check Python code syntax and style conventions
-- Added test 'lint_cmake' to check CMake code style
-- Added test 'pep257' to check Python code against some of the style conventions in PEP 257
-- Added test 'uncrustify' to check C / C++ code style
-- Configured uncrustify additional arguments: 
-- Added test 'xmllint' to check XML markup files
-- Configuring done
-- Generating done
-- Build files have been written to: /home/lhc/fishros-/p2/p2_ws/src/build/demo_cpp_pkg
[35m[1mScanning dependencies of target learn_thread[0m
[35m[1mScanning dependencies of target learn_shared[0m
[35m[1mScanning dependencies of target learn_auto[0m
[35m[1mScanning dependencies of target learn_lambda[0m
[35m[1mScanning dependencies of target learn_functional[0m
[35m[1mScanning dependencies of target person_node[0m
[35m[1mScanning dependencies of target cpp_node[0m
[ 28%] [32mBuilding CXX object CMakeFiles/learn_auto.dir/src/learn_auto.cpp.o[0m
[ 28%] [32mBuilding CXX object CMakeFiles/learn_thread.dir/src/learn_thread.cpp.o[0m
[ 35%] [32mBuilding CXX object CMakeFiles/learn_functional.dir/src/learn_functional.cpp.o[0m
[ 35%] [32mBuilding CXX object CMakeFiles/learn_shared.dir/src/learn_shared.cpp.o[0m
[ 35%] [32mBuilding CXX object CMakeFiles/learn_lambda.dir/src/learn_lambda.cpp.o[0m
[ 50%] [32mBuilding CXX object CMakeFiles/person_node.dir/src/person_node.cpp.o[0m
[ 50%] [32mBuilding CXX object CMakeFiles/cpp_node.dir/src/cpp_node.cpp.o[0m
[ 57%] [32m[1mLinking CXX executable learn_auto[0m
[ 57%] Built target learn_auto
[ 64%] [32m[1mLinking CXX executable learn_shared[0m
[ 64%] Built target learn_shared
[ 71%] [32m[1mLinking CXX executable learn_lambda[0m
[ 71%] Built target learn_lambda
[ 78%] [32m[1mLinking CXX executable learn_functional[0m
[ 78%] Built target learn_functional
[01m[K/home/lhc/fishros-/p2/p2_ws/src/demo_cpp_pkg/src/learn_thread.cpp:11:75:[m[K [01;31m[Kerror: [m[Kduplicate â€˜[01m[Kconst[m[Kâ€™
   11 |     void download(const std::string &host, const std::string &path, const [01;31m[Kconst[m[K std::function<void(const std::string &, const std::string &)> &call_back_world_count)
      |                                                                           [01;31m[K^~~~~[m[K
      |                                                                           [31m[K-----[m[K
[01m[K/home/lhc/fishros-/p2/p2_ws/src/demo_cpp_pkg/src/learn_thread.cpp:22:81:[m[K [01;31m[Kerror: [m[Kduplicate â€˜[01m[Kconst[m[Kâ€™
   22 |     void start_download(const std::string &host, const std::string &path, const [01;31m[Kconst[m[K std::function<void(const std::string &, const std::string &)> &call_back_word_count)
      |                                                                                 [01;31m[K^~~~~[m[K
      |                                                                                 [31m[K-----[m[K
[01m[K/home/lhc/fishros-/p2/p2_ws/src/demo_cpp_pkg/src/learn_thread.cpp:[m[K In member function â€˜[01m[Kvoid Download::download(const string&, const string&, const std::function<void(const std::__cxx11::basic_string<char>&, const std::__cxx11::basic_string<char>&)>&)[m[Kâ€™:
[01m[K/home/lhc/fishros-/p2/p2_ws/src/demo_cpp_pkg/src/learn_thread.cpp:18:13:[m[K [01;31m[Kerror: [m[Kâ€˜[01m[Kcall_back_word_count[m[Kâ€™ was not declared in this scope; did you mean â€˜[01m[Kcall_back_world_count[m[Kâ€™?
   18 |             [01;31m[Kcall_back_word_count[m[K(path, response->body);
      |             [01;31m[K^~~~~~~~~~~~~~~~~~~~[m[K
      |             [32m[Kcall_back_world_count[m[K
[01m[K/home/lhc/fishros-/p2/p2_ws/src/demo_cpp_pkg/src/learn_thread.cpp:11:144:[m[K [01;35m[Kwarning: [m[Kunused parameter â€˜[01m[Kcall_back_world_count[m[Kâ€™ [[01;35m[K-Wunused-parameter[m[K]
   11 |     void download(const std::string &host, const std::string &path, [01;35m[Kconst const std::function<void(const std::string &, const std::string &)> &call_back_world_count[m[K)
      |                                                                     [01;35m[K~~~~~~~~~~~~~~~~~~~~~~~~~~~~~~~~~~~~~~~~~~~~~~~~~~~~~~~~~~~~~~~~~~~~~~~~~~~^~~~~~~~~~~~~~~~~~~~~[m[K
[01m[K/home/lhc/fishros-/p2/p2_ws/src/demo_cpp_pkg/src/learn_thread.cpp:[m[K In member function â€˜[01m[Kvoid Download::start_download(const string&, const string&, const std::function<void(const std::__cxx11::basic_string<char>&, const std::__cxx11::basic_string<char>&)>&)[m[Kâ€™:
[01m[K/home/lhc/fishros-/p2/p2_ws/src/demo_cpp_pkg/src/learn_thread.cpp:24:71:[m[K [01;31m[Kerror: [m[Kâ€˜[01m[Kplaceholders_1[m[Kâ€™ is not a member of â€˜[01m[Kstd[m[Kâ€™; did you mean â€˜[01m[Kplaceholders[m[Kâ€™?
   24 |         auto download_fun = std::bind(&Download::download, this, std::[01;31m[Kplaceholders_1[m[K.std::placeholders_2, std::placeholders_3);
      |                                                                       [01;31m[K^~~~~~~~~~~~~~[m[K
      |                                                                       [32m[Kplaceholders[m[K
[01m[K/home/lhc/fishros-/p2/p2_ws/src/demo_cpp_pkg/src/learn_thread.cpp:24:86:[m[K [01;31m[Kerror: [m[Kâ€˜[01m[Kstd::placeholders_2[m[Kâ€™ is not a class member
   24 |         auto download_fun = std::bind(&Download::download, this, std::placeholders_1.[01;31m[Kstd[m[K::placeholders_2, std::placeholders_3);
      |                                                                                      [01;31m[K^~~[m[K
[01m[K/home/lhc/fishros-/p2/p2_ws/src/demo_cpp_pkg/src/learn_thread.cpp:24:112:[m[K [01;31m[Kerror: [m[Kâ€˜[01m[Kplaceholders_3[m[Kâ€™ is not a member of â€˜[01m[Kstd[m[Kâ€™; did you mean â€˜[01m[Kplaceholders[m[Kâ€™?
   24 |         auto download_fun = std::bind(&Download::download, this, std::placeholders_1.std::placeholders_2, std::[01;31m[Kplaceholders_3[m[K);
      |                                                                                                                [01;31m[K^~~~~~~~~~~~~~[m[K
      |                                                                                                                [32m[Kplaceholders[m[K
[ 85%] [32m[1mLinking CXX executable cpp_node[0m
[ 92%] [32m[1mLinking CXX executable person_node[0m
[ 92%] Built target cpp_node
[ 92%] Built target person_node
make[2]: *** [CMakeFiles/learn_thread.dir/build.make:63ï¼šCMakeFiles/learn_thread.dir/src/learn_thread.cpp.o] é”™è¯¯ 1
make[1]: *** [CMakeFiles/Makefile2:306ï¼šCMakeFiles/learn_thread.dir/all] é”™è¯¯ 2
make: *** [Makefile:141ï¼šall] é”™è¯¯ 2
