[0.008s] Invoking command in '/home/lhc/fishros-/p2/p2_ws/src/build/demo_cpp_pkg': CMAKE_PREFIX_PATH=${CMAKE_PREFIX_PATH}:/opt/ros/foxy /usr/bin/cmake --build /home/lhc/fishros-/p2/p2_ws/src/build/demo_cpp_pkg -- -j12 -l12
[0.043s] [35m[1mScanning dependencies of target learn_thread[0m
[0.051s] [ 64%] Built target learn_auto
[0.051s] [ 64%] Built target learn_shared
[0.051s] [ 64%] Built target learn_functional
[0.051s] [ 64%] [32mBuilding CXX object CMakeFiles/learn_thread.dir/src/learn_thread.cpp.o[0m
[0.051s] [ 64%] Built target learn_lambda
[0.059s] [ 92%] Built target cpp_node
[0.059s] [ 92%] Built target person_node
[0.915s] [01m[K/home/lhc/fishros-/p2/p2_ws/src/demo_cpp_pkg/src/learn_thread.cpp:[m[K In member function â€˜[01m[Kvoid Download::download(const string&, const string&, const std::function<void(const std::__cxx11::basic_string<char>&, const std::__cxx11::basic_string<char>&)>&)[m[Kâ€™:
[0.915s] [01m[K/home/lhc/fishros-/p2/p2_ws/src/demo_cpp_pkg/src/learn_thread.cpp:18:13:[m[K [01;31m[Kerror: [m[Kâ€˜[01m[Kcall_back_word_count[m[Kâ€™ was not declared in this scope; did you mean â€˜[01m[Kcall_back_world_count[m[Kâ€™?
[0.915s]    18 |             [01;31m[Kcall_back_word_count[m[K(path, response->body);
[0.915s]       |             [01;31m[K^~~~~~~~~~~~~~~~~~~~[m[K
[0.915s]       |             [32m[Kcall_back_world_count[m[K
[0.915s] [01m[K/home/lhc/fishros-/p2/p2_ws/src/demo_cpp_pkg/src/learn_thread.cpp:11:138:[m[K [01;35m[Kwarning: [m[Kunused parameter â€˜[01m[Kcall_back_world_count[m[Kâ€™ [[01;35m[K-Wunused-parameter[m[K]
[0.915s]    11 |     void download(const std::string &host, const std::string &path, [01;35m[Kconst std::function<void(const std::string &, const std::string &)> &call_back_world_count[m[K)
[0.916s]       |                                                                     [01;35m[K~~~~~~~~~~~~~~~~~~~~~~~~~~~~~~~~~~~~~~~~~~~~~~~~~~~~~~~~~~~~~~~~~~~~~^~~~~~~~~~~~~~~~~~~~~[m[K
[0.916s] [01m[K/home/lhc/fishros-/p2/p2_ws/src/demo_cpp_pkg/src/learn_thread.cpp:[m[K In member function â€˜[01m[Kvoid Download::start_download(const string&, const string&, const std::function<void(const std::__cxx11::basic_string<char>&, const std::__cxx11::basic_string<char>&)>&)[m[Kâ€™:
[0.916s] [01m[K/home/lhc/fishros-/p2/p2_ws/src/demo_cpp_pkg/src/learn_thread.cpp:24:71:[m[K [01;31m[Kerror: [m[Kâ€˜[01m[Kplaceholders_1[m[Kâ€™ is not a member of â€˜[01m[Kstd[m[Kâ€™; did you mean â€˜[01m[Kplaceholders[m[Kâ€™?
[0.916s]    24 |         auto download_fun = std::bind(&Download::download, this, std::[01;31m[Kplaceholders_1[m[K.std::placeholders_2, std::placeholders_3);
[0.916s]       |                                                                       [01;31m[K^~~~~~~~~~~~~~[m[K
[0.916s]       |                                                                       [32m[Kplaceholders[m[K
[0.916s] [01m[K/home/lhc/fishros-/p2/p2_ws/src/demo_cpp_pkg/src/learn_thread.cpp:24:86:[m[K [01;31m[Kerror: [m[Kâ€˜[01m[Kstd::placeholders_2[m[Kâ€™ is not a class member
[0.916s]    24 |         auto download_fun = std::bind(&Download::download, this, std::placeholders_1.[01;31m[Kstd[m[K::placeholders_2, std::placeholders_3);
[0.916s]       |                                                                                      [01;31m[K^~~[m[K
[0.916s] [01m[K/home/lhc/fishros-/p2/p2_ws/src/demo_cpp_pkg/src/learn_thread.cpp:24:112:[m[K [01;31m[Kerror: [m[Kâ€˜[01m[Kplaceholders_3[m[Kâ€™ is not a member of â€˜[01m[Kstd[m[Kâ€™; did you mean â€˜[01m[Kplaceholders[m[Kâ€™?
[0.916s]    24 |         auto download_fun = std::bind(&Download::download, this, std::placeholders_1.std::placeholders_2, std::[01;31m[Kplaceholders_3[m[K);
[0.916s]       |                                                                                                                [01;31m[K^~~~~~~~~~~~~~[m[K
[0.916s]       |                                                                                                                [32m[Kplaceholders[m[K
[1.815s] make[2]: *** [CMakeFiles/learn_thread.dir/build.make:63ï¼šCMakeFiles/learn_thread.dir/src/learn_thread.cpp.o] é”™è¯¯ 1
[1.815s] make[1]: *** [CMakeFiles/Makefile2:306ï¼šCMakeFiles/learn_thread.dir/all] é”™è¯¯ 2
[1.815s] make: *** [Makefile:141ï¼šall] é”™è¯¯ 2
[1.817s] Invoked command in '/home/lhc/fishros-/p2/p2_ws/src/build/demo_cpp_pkg' returned '2': CMAKE_PREFIX_PATH=${CMAKE_PREFIX_PATH}:/opt/ros/foxy /usr/bin/cmake --build /home/lhc/fishros-/p2/p2_ws/src/build/demo_cpp_pkg -- -j12 -l12
