[01m[K/home/lhc/fishros-/p2/p2_ws/src/demo_cpp_pkg/src/learn_functional.cpp:[m[K In function â€˜[01m[Kvoid save_with_free_fun(const string&)[m[Kâ€™:
[01m[K/home/lhc/fishros-/p2/p2_ws/src/demo_cpp_pkg/src/learn_functional.cpp:5:44:[m[K [01;35m[Kwarning: [m[Kunused parameter â€˜[01m[Kfile_name[m[Kâ€™ [[01;35m[K-Wunused-parameter[m[K]
    5 | void save_with_free_fun([01;35m[Kconst std::string &file_name[m[K)
      |                         [01;35m[K~~~~~~~~~~~~~~~~~~~^~~~~~~~~[m[K
[01m[K/home/lhc/fishros-/p2/p2_ws/src/demo_cpp_pkg/src/learn_functional.cpp:[m[K In member function â€˜[01m[Kvoid filsave::save_with_member_fun(const string&)[m[Kâ€™:
[01m[K/home/lhc/fishros-/p2/p2_ws/src/demo_cpp_pkg/src/learn_functional.cpp:13:50:[m[K [01;35m[Kwarning: [m[Kunused parameter â€˜[01m[Kfile_name[m[Kâ€™ [[01;35m[K-Wunused-parameter[m[K]
   13 |     void save_with_member_fun([01;35m[Kconst std::string &file_name[m[K)
      |                               [01;35m[K~~~~~~~~~~~~~~~~~~~^~~~~~~~~[m[K
[01m[K/home/lhc/fishros-/p2/p2_ws/src/demo_cpp_pkg/src/learn_functional.cpp:[m[K In lambda function:
[01m[K/home/lhc/fishros-/p2/p2_ws/src/demo_cpp_pkg/src/learn_functional.cpp:24:36:[m[K [01;31m[Kerror: [m[Kexpected initializer before â€˜[01m[K}[m[Kâ€™ token
   24 |     { const std::string &file_name [01;31m[K}[m[K -> void
      |                                    [01;31m[K^[m[K
[01m[K/home/lhc/fishros-/p2/p2_ws/src/demo_cpp_pkg/src/learn_functional.cpp:[m[K In function â€˜[01m[Kint main()[m[Kâ€™:
[01m[K/home/lhc/fishros-/p2/p2_ws/src/demo_cpp_pkg/src/learn_functional.cpp:24:38:[m[K [01;31m[Kerror: [m[Kbase operand of â€˜[01m[K->[m[Kâ€™ has non-pointer type â€˜[01m[Kmain()::<lambda()>[m[Kâ€™
   24 |     { const std::string &file_name } [01;31m[K->[m[K void
      |                                      [01;31m[K^~[m[K
[01m[K/home/lhc/fishros-/p2/p2_ws/src/demo_cpp_pkg/src/learn_functional.cpp:24:41:[m[K [01;31m[Kerror: [m[Kexpected unqualified-id before â€˜[01m[Kvoid[m[Kâ€™
   24 |     { const std::string &file_name } -> [01;31m[Kvoid[m[K
      |                                         [01;31m[K^~~~[m[K
[01m[K/home/lhc/fishros-/p2/p2_ws/src/demo_cpp_pkg/src/learn_functional.cpp:34:5:[m[K [01;31m[Kerror: [m[Kexpected â€˜[01m[K,[m[Kâ€™ or â€˜[01m[K;[m[Kâ€™ before â€˜[01m[Kstd[m[Kâ€™
   34 |     [01;31m[Kstd[m[K::function<void(const std::string &file_name)> save1 = save_with_free_fun;
      |     [01;31m[K^~~[m[K
[01m[K/home/lhc/fishros-/p2/p2_ws/src/demo_cpp_pkg/src/learn_functional.cpp:38:68:[m[K [01;31m[Kerror: [m[Kconversion from â€˜[01m[K<unresolved overloaded function type>[m[Kâ€™ to non-scalar type â€˜[01m[Kstd::function<void(const std::__cxx11::basic_string<char>&)>[m[Kâ€™ requested
   38 |     std::function<void(const std::string &file_name)> save3 = std::[01;31m[Kbind[m[K
      |                                                                    [01;31m[K^~~~[m[K
[01m[K/home/lhc/fishros-/p2/p2_ws/src/demo_cpp_pkg/src/learn_functional.cpp:43:5:[m[K [01;31m[Kerror: [m[Kâ€˜[01m[Ksave1[m[Kâ€™ was not declared in this scope; did you mean â€˜[01m[Ksave3[m[Kâ€™?
   43 |     [01;31m[Ksave1[m[K("file.txt");
      |     [01;31m[K^~~~~[m[K
      |     [32m[Ksave3[m[K
[01m[K/home/lhc/fishros-/p2/p2_ws/src/demo_cpp_pkg/src/learn_functional.cpp:21:13:[m[K [01;35m[Kwarning: [m[Kunused variable â€˜[01m[Kf1[m[Kâ€™ [[01;35m[K-Wunused-variable[m[K]
   21 |     filsave [01;35m[Kf1[m[K;
      |             [01;35m[K^~[m[K
make[2]: *** [CMakeFiles/learn_functional.dir/build.make:63ï¼šCMakeFiles/learn_functional.dir/src/learn_functional.cpp.o] é”™è¯¯ 1
make[1]: *** [CMakeFiles/Makefile2:250ï¼šCMakeFiles/learn_functional.dir/all] é”™è¯¯ 2
make: *** [Makefile:141ï¼šall] é”™è¯¯ 2
